[05Jun2025 00:01:36.137] [Server thread/INFO] [net.minecraft.server.players.PlayerList/]: PandagamerP[/127.74.19.90:56661] logged in with entity id 178916 at (-381.60391896236604, 187.0, -2155.921442027947)
[05Jun2025 00:01:36.244] [Server thread/INFO] [net.minecraft.server.MinecraftServer/]: PandagamerP joined the game
[05Jun2025 00:01:36.324] [Server thread/INFO] [Jade/]: Syncing config to PandagamerP (585e6dc8-df73-3ccd-9607-c3110a1f71b6)
[05Jun2025 00:12:04.250] [Server thread/INFO] [net.minecraft.server.network.ServerGamePacketListenerImpl/]: BgodYT lost connection: Disconnected
[05Jun2025 00:12:04.250] [Server thread/INFO] [net.minecraft.server.MinecraftServer/]: BgodYT left the game
[05Jun2025 00:12:04.296] [Server thread/WARN] [net.minecraft.network.Connection/]: handleDisconnection() called twice
[05Jun2025 00:15:33.303] [Server thread/INFO] [net.minecraft.server.MinecraftServer/]: [PandagamerP: Set own game mode to Creative Mode]
[05Jun2025 00:15:40.185] [Server thread/INFO] [net.minecraft.server.MinecraftServer/]: [PandagamerP: Set own game mode to Survival Mode]
[05Jun2025 00:25:24.680] [Server thread/INFO] [net.minecraft.server.players.PlayerList/]: Casti414[/127.40.0.99:60709] logged in with entity id 192942 at (-261.5, 127.0, -2260.5)
[05Jun2025 00:25:24.700] [Server thread/INFO] [net.minecraft.server.MinecraftServer/]: Casti414 joined the game
[05Jun2025 00:25:24.760] [Server thread/INFO] [Jade/]: Syncing config to Casti414 (aae11e9d-7958-355d-b6a7-3da8fe09ab5c)
[05Jun2025 00:29:02.021] [Server thread/INFO] [net.minecraft.server.MinecraftServer/]: PandagamerP has reached the goal [Eye of Darkness]
[05Jun2025 00:29:27.768] [Server thread/INFO] [net.minecraft.server.players.PlayerList/]: BgodYT[/127.55.194.191:49873] logged in with entity id 195059 at (117.30109929048183, 138.0, -472.5943253466761)
[05Jun2025 00:29:27.784] [Server thread/INFO] [net.minecraft.server.MinecraftServer/]: BgodYT joined the game
[05Jun2025 00:29:27.841] [Server thread/INFO] [Jade/]: Syncing config to BgodYT (1c229215-0b7b-38ec-9abe-86a230eede90)
[05Jun2025 00:29:47.264] [Server thread/WARN] [net.minecraft.server.level.ServerPlayerGameMode/]: Mismatch in destroy block pos: BlockPos{x=-1627, y=223, z=-2850} BlockPos{x=-1627, y=224, z=-2851}
[05Jun2025 00:29:47.315] [Server thread/WARN] [net.minecraft.server.level.ServerPlayerGameMode/]: Mismatch in destroy block pos: BlockPos{x=-1627, y=223, z=-2850} BlockPos{x=-1627, y=224, z=-2851}
[05Jun2025 00:29:47.359] [Server thread/WARN] [net.minecraft.server.level.ServerPlayerGameMode/]: Mismatch in destroy block pos: BlockPos{x=-1627, y=223, z=-2850} BlockPos{x=-1627, y=224, z=-2851}
[05Jun2025 00:29:47.409] [Server thread/WARN] [net.minecraft.server.level.ServerPlayerGameMode/]: Mismatch in destroy block pos: BlockPos{x=-1627, y=223, z=-2850} BlockPos{x=-1627, y=224, z=-2851}
[05Jun2025 00:29:47.457] [Server thread/WARN] [net.minecraft.server.level.ServerPlayerGameMode/]: Mismatch in destroy block pos: BlockPos{x=-1627, y=223, z=-2848} BlockPos{x=-1627, y=224, z=-2851}
[05Jun2025 00:30:36.202] [Server thread/WARN] [net.minecraft.server.MinecraftServer/]: Can't keep up! Is the server overloaded? Running 2029ms or 40 ticks behind
[05Jun2025 00:31:05.823] [Server thread/WARN] [net.minecraft.server.MinecraftServer/]: Can't keep up! Is the server overloaded? Running 14650ms or 293 ticks behind
[05Jun2025 00:31:39.278] [Server thread/WARN] [net.minecraft.server.MinecraftServer/]: Can't keep up! Is the server overloaded? Running 18455ms or 369 ticks behind
[05Jun2025 00:32:11.960] [Server thread/WARN] [net.minecraft.server.MinecraftServer/]: Can't keep up! Is the server overloaded? Running 17688ms or 353 ticks behind
[05Jun2025 00:32:19.390] [Server thread/INFO] [net.minecraft.server.MinecraftServer/]: Stopping server
[05Jun2025 00:32:19.391] [Server thread/INFO] [net.minecraft.server.MinecraftServer/]: Saving players
[05Jun2025 00:32:19.446] [Server thread/INFO] [net.minecraft.server.network.ServerGamePacketListenerImpl/]: PandagamerP lost connection: Server closed
[05Jun2025 00:32:19.447] [Server thread/INFO] [net.minecraft.server.MinecraftServer/]: PandagamerP left the game
[05Jun2025 00:32:19.469] [Server thread/INFO] [net.minecraft.server.network.ServerGamePacketListenerImpl/]: BgodYT lost connection: Server closed
[05Jun2025 00:32:19.470] [Server thread/INFO] [net.minecraft.server.MinecraftServer/]: BgodYT left the game
[05Jun2025 00:32:19.486] [Server thread/INFO] [net.minecraft.server.MinecraftServer/]: Saving worlds
